<?xml version="1.0" encoding="UTF-8"?>
<!-- Generated by org.testng.reporters.JUnitXMLReporter -->
<testsuite ignored="0" hostname="mds-MacBook-Pro.local" failures="0" tests="2" name="Regression" time="20.506" errors="0" timestamp="23 Feb 2019 15:25:37 GMT">
  <testcase classname="TestCases.UserAbleToClickOnAddToCard" name="userAbleToClickOnAddToCard" time="10.64"/>
  <testcase classname="TestCases.ElementVerification" name="userAbleToValidateUserNameInputField" time="2.07"/>
</testsuite> <!-- Regression -->
