<?xml version="1.0" encoding="UTF-8"?>
<!-- Generated by org.testng.reporters.JUnitXMLReporter -->
<testsuite ignored="0" hostname="mds-MacBook-Pro.local" failures="0" tests="2" name="Regression" time="20.573" errors="0" timestamp="03 Mar 2019 15:35:00 GMT">
  <testcase classname="TestCases.UserAbleToClickOnAddToCard" name="userAbleToClickOnAddToCard" time="8.256"/>
  <testcase classname="TestCases.ElementVerification" name="userAbleToValidateUserNameInputField" time="2.146"/>
</testsuite> <!-- Regression -->
