<?xml version="1.0" encoding="UTF-8"?>
<!-- Generated by org.testng.reporters.JUnitXMLReporter -->
<testsuite ignored="0" hostname="mds-MacBook-Pro.local" failures="0" tests="2" name="Test" time="16.987" errors="0" timestamp="10 Feb 2019 15:08:13 GMT">
  <testcase classname="TestCases.UserAbleToValidateUserNameInputField" name="userAbleToValidateUserNameInputField" time="6.793"/>
  <testcase classname="TestCases.ElementVerification" name="userAbleToValidateUserNameInputField" time="2.033"/>
</testsuite> <!-- Test -->
