<?xml version="1.0" encoding="UTF-8"?>
<testng-results ignored="1" total="2" passed="1" failed="0" skipped="0">
  <reporter-output>
  </reporter-output>
  <suite started-at="2019-02-23T17:14:30Z" name="Suite1" finished-at="2019-02-23T17:14:37Z" duration-ms="7435">
    <groups>
    </groups>
    <test started-at="2019-02-23T17:14:30Z" name="Regression" finished-at="2019-02-23T17:14:37Z" duration-ms="7435">
      <class name="TestCases.ElementVerification">
        <test-method is-config="true" signature="beforeClass()[pri:0, instance:TestCases.ElementVerification@6a2f6f80]" started-at="2019-02-23T17:14:30Z" name="beforeClass" finished-at="2019-02-23T17:14:31Z" duration-ms="1417" status="PASS">
          <reporter-output>
          </reporter-output>
        </test-method> <!-- beforeClass -->
        <test-method is-config="true" signature="beforeMethod(java.lang.String, java.lang.String)[pri:0, instance:TestCases.ElementVerification@6a2f6f80]" started-at="2019-02-23T17:14:31Z" name="beforeMethod" finished-at="2019-02-23T17:14:35Z" duration-ms="3792" status="PASS">
          <params>
            <param index="0">
              <value>
                <![CDATA[md83shahnewaz@gmail.com]]>
              </value>
            </param>
            <param index="1">
              <value>
                <![CDATA[Shahnewaz1@]]>
              </value>
            </param>
          </params>
          <reporter-output>
          </reporter-output>
        </test-method> <!-- beforeMethod -->
        <test-method signature="userAbleToValidateUserNameInputField()[pri:0, instance:TestCases.ElementVerification@6a2f6f80]" started-at="2019-02-23T17:14:35Z" name="userAbleToValidateUserNameInputField" finished-at="2019-02-23T17:14:37Z" duration-ms="2102" status="PASS">
          <reporter-output>
          </reporter-output>
        </test-method> <!-- userAbleToValidateUserNameInputField -->
        <test-method is-config="true" signature="afterMethod()[pri:0, instance:TestCases.ElementVerification@6a2f6f80]" started-at="2019-02-23T17:14:37Z" name="afterMethod" finished-at="2019-02-23T17:14:37Z" duration-ms="1" status="PASS">
          <reporter-output>
          </reporter-output>
        </test-method> <!-- afterMethod -->
        <test-method is-config="true" signature="afterClass()[pri:0, instance:TestCases.ElementVerification@6a2f6f80]" started-at="2019-02-23T17:14:37Z" name="afterClass" finished-at="2019-02-23T17:14:37Z" duration-ms="108" status="PASS">
          <reporter-output>
          </reporter-output>
        </test-method> <!-- afterClass -->
      </class> <!-- TestCases.ElementVerification -->
    </test> <!-- Regression -->
  </suite> <!-- Suite1 -->
</testng-results>
