<?xml version="1.0" encoding="UTF-8"?>
<testng-results ignored="0" total="2" passed="2" failed="0" skipped="0">
  <reporter-output>
  </reporter-output>
  <suite started-at="2019-02-23T15:25:16Z" name="Suite1" finished-at="2019-02-23T15:25:36Z" duration-ms="20506">
    <groups>
    </groups>
    <test started-at="2019-02-23T15:25:16Z" name="Regression" finished-at="2019-02-23T15:25:36Z" duration-ms="20506">
      <class name="TestCases.ElementVerification">
        <test-method is-config="true" signature="beforeClass()[pri:0, instance:TestCases.ElementVerification@5fbe4146]" started-at="2019-02-23T15:25:31Z" name="beforeClass" finished-at="2019-02-23T15:25:32Z" duration-ms="920" status="PASS">
          <reporter-output>
          </reporter-output>
        </test-method> <!-- beforeClass -->
        <test-method is-config="true" signature="beforeMethod()[pri:0, instance:TestCases.ElementVerification@5fbe4146]" started-at="2019-02-23T15:25:32Z" name="beforeMethod" finished-at="2019-02-23T15:25:34Z" duration-ms="2166" status="PASS">
          <reporter-output>
          </reporter-output>
        </test-method> <!-- beforeMethod -->
        <test-method signature="userAbleToValidateUserNameInputField()[pri:0, instance:TestCases.ElementVerification@5fbe4146]" started-at="2019-02-23T15:25:34Z" name="userAbleToValidateUserNameInputField" finished-at="2019-02-23T15:25:36Z" duration-ms="2070" status="PASS">
          <reporter-output>
          </reporter-output>
        </test-method> <!-- userAbleToValidateUserNameInputField -->
        <test-method is-config="true" signature="afterClass()[pri:0, instance:TestCases.ElementVerification@5fbe4146]" started-at="2019-02-23T15:25:36Z" name="afterClass" finished-at="2019-02-23T15:25:36Z" duration-ms="95" status="PASS">
          <reporter-output>
          </reporter-output>
        </test-method> <!-- afterClass -->
        <test-method is-config="true" signature="afterMethod()[pri:0, instance:TestCases.ElementVerification@5fbe4146]" started-at="2019-02-23T15:25:36Z" name="afterMethod" finished-at="2019-02-23T15:25:36Z" duration-ms="0" status="PASS">
          <reporter-output>
          </reporter-output>
        </test-method> <!-- afterMethod -->
      </class> <!-- TestCases.ElementVerification -->
      <class name="TestCases.UserAbleToClickOnAddToCard">
        <test-method is-config="true" signature="beforeClass()[pri:0, instance:TestCases.UserAbleToClickOnAddToCard@79d8407f]" started-at="2019-02-23T15:25:16Z" name="beforeClass" finished-at="2019-02-23T15:25:18Z" duration-ms="1855" status="PASS">
          <reporter-output>
          </reporter-output>
        </test-method> <!-- beforeClass -->
        <test-method is-config="true" signature="beforeMethod()[pri:0, instance:TestCases.UserAbleToClickOnAddToCard@79d8407f]" started-at="2019-02-23T15:25:18Z" name="beforeMethod" finished-at="2019-02-23T15:25:20Z" duration-ms="2624" status="PASS">
          <reporter-output>
          </reporter-output>
        </test-method> <!-- beforeMethod -->
        <test-method signature="userAbleToClickOnAddToCard()[pri:0, instance:TestCases.UserAbleToClickOnAddToCard@79d8407f]" started-at="2019-02-23T15:25:20Z" name="userAbleToClickOnAddToCard" finished-at="2019-02-23T15:25:31Z" duration-ms="10640" status="PASS">
          <reporter-output>
          </reporter-output>
        </test-method> <!-- userAbleToClickOnAddToCard -->
        <test-method is-config="true" signature="afterMethod()[pri:0, instance:TestCases.UserAbleToClickOnAddToCard@79d8407f]" started-at="2019-02-23T15:25:31Z" name="afterMethod" finished-at="2019-02-23T15:25:31Z" duration-ms="0" status="PASS">
          <reporter-output>
          </reporter-output>
        </test-method> <!-- afterMethod -->
        <test-method is-config="true" signature="afterClass()[pri:0, instance:TestCases.UserAbleToClickOnAddToCard@79d8407f]" started-at="2019-02-23T15:25:31Z" name="afterClass" finished-at="2019-02-23T15:25:31Z" duration-ms="116" status="PASS">
          <reporter-output>
          </reporter-output>
        </test-method> <!-- afterClass -->
      </class> <!-- TestCases.UserAbleToClickOnAddToCard -->
    </test> <!-- Regression -->
  </suite> <!-- Suite1 -->
</testng-results>
